[ERROR] 2019-12-04 14:39:09,660 | Mars.Core.SimulationStepExecutor.Implementation.StepExecutionUseCase - The given key 'coordinates' was not present in the dictionary. 
[ERROR] 2019-12-04 14:39:09,677 | Mars.Core.SimulationStarter.SimulationStarter - MARS simulation execution crashed by AggregateException 
[ERROR] 2019-12-04 14:39:09,677 | Mars.Core.SimulationStarter.SimulationStarter - Exception message: 
[ERROR] 2019-12-04 14:39:09,677 | Mars.Core.SimulationStarter.SimulationStarter - ######################################################## 
[ERROR] 2019-12-04 14:39:09,677 | Mars.Core.SimulationStarter.SimulationStarter - One or more errors occurred. (The given key 'coordinates' was not present in the dictionary.) 
[ERROR] 2019-12-04 14:39:09,677 | Mars.Core.SimulationStarter.SimulationStarter - ######################################################## 
[ERROR] 2019-12-04 14:41:14,880 | Mars.Core.SimulationStepExecutor.Implementation.StepExecutionUseCase - The given key 'properties' was not present in the dictionary. 
[ERROR] 2019-12-04 14:41:14,892 | Mars.Core.SimulationStarter.SimulationStarter - MARS simulation execution crashed by AggregateException 
[ERROR] 2019-12-04 14:41:14,892 | Mars.Core.SimulationStarter.SimulationStarter - Exception message: 
[ERROR] 2019-12-04 14:41:14,892 | Mars.Core.SimulationStarter.SimulationStarter - ######################################################## 
[ERROR] 2019-12-04 14:41:14,892 | Mars.Core.SimulationStarter.SimulationStarter - One or more errors occurred. (The given key 'properties' was not present in the dictionary.) 
[ERROR] 2019-12-04 14:41:14,892 | Mars.Core.SimulationStarter.SimulationStarter - ######################################################## 
[ERROR] 2019-12-04 14:42:32,035 | Mars.Core.SimulationStepExecutor.Implementation.StepExecutionUseCase - The given key 'type' was not present in the dictionary. 
[ERROR] 2019-12-04 14:42:32,047 | Mars.Core.SimulationStarter.SimulationStarter - MARS simulation execution crashed by AggregateException 
[ERROR] 2019-12-04 14:42:32,047 | Mars.Core.SimulationStarter.SimulationStarter - Exception message: 
[ERROR] 2019-12-04 14:42:32,047 | Mars.Core.SimulationStarter.SimulationStarter - ######################################################## 
[ERROR] 2019-12-04 14:42:32,047 | Mars.Core.SimulationStarter.SimulationStarter - One or more errors occurred. (The given key 'type' was not present in the dictionary.) 
[ERROR] 2019-12-04 14:42:32,047 | Mars.Core.SimulationStarter.SimulationStarter - ######################################################## 
